  biginteger.cpp
c:\users\sadat\mydrive\safety review\safetygwas-master\safety\isv_enclave\bigUnsigned.h(23): warning C4516: 'NumberlikeArray<unsigned long>::NumberlikeArray<unsigned long>::N': access-declarations are deprecated; member using-declarations provide a better alternative
c:\users\sadat\mydrive\safety review\safetygwas-master\safety\isv_enclave\bigUnsigned.h(87): warning C4516: 'NumberlikeArray<unsigned long>::NumberlikeArray<unsigned long>::getCapacity': access-declarations are deprecated; member using-declarations provide a better alternative
c:\users\sadat\mydrive\safety review\safetygwas-master\safety\isv_enclave\bigUnsigned.h(88): warning C4516: 'NumberlikeArray<unsigned long>::NumberlikeArray<unsigned long>::getLength': access-declarations are deprecated; member using-declarations provide a better alternative
  bigintegeralgorithms.cpp
c:\users\sadat\mydrive\safety review\safetygwas-master\safety\isv_enclave\bigUnsigned.h(23): warning C4516: 'NumberlikeArray<unsigned long>::NumberlikeArray<unsigned long>::N': access-declarations are deprecated; member using-declarations provide a better alternative
c:\users\sadat\mydrive\safety review\safetygwas-master\safety\isv_enclave\bigUnsigned.h(87): warning C4516: 'NumberlikeArray<unsigned long>::NumberlikeArray<unsigned long>::getCapacity': access-declarations are deprecated; member using-declarations provide a better alternative
c:\users\sadat\mydrive\safety review\safetygwas-master\safety\isv_enclave\bigUnsigned.h(88): warning C4516: 'NumberlikeArray<unsigned long>::NumberlikeArray<unsigned long>::getLength': access-declarations are deprecated; member using-declarations provide a better alternative
  bigintegerutils.cpp
c:\users\sadat\mydrive\safety review\safetygwas-master\safety\isv_enclave\bigUnsigned.h(23): warning C4516: 'NumberlikeArray<unsigned long>::NumberlikeArray<unsigned long>::N': access-declarations are deprecated; member using-declarations provide a better alternative
c:\users\sadat\mydrive\safety review\safetygwas-master\safety\isv_enclave\bigUnsigned.h(87): warning C4516: 'NumberlikeArray<unsigned long>::NumberlikeArray<unsigned long>::getCapacity': access-declarations are deprecated; member using-declarations provide a better alternative
c:\users\sadat\mydrive\safety review\safetygwas-master\safety\isv_enclave\bigUnsigned.h(88): warning C4516: 'NumberlikeArray<unsigned long>::NumberlikeArray<unsigned long>::getLength': access-declarations are deprecated; member using-declarations provide a better alternative
c:\users\sadat\mydrive\safety review\safetygwas-master\safety\isv_enclave\bigunsignedbase.h(103): warning C4516: 'NumberlikeArray<unsigned short>::NumberlikeArray<unsigned short>::getCapacity': access-declarations are deprecated; member using-declarations provide a better alternative
c:\users\sadat\mydrive\safety review\safetygwas-master\safety\isv_enclave\bigunsignedbase.h(104): warning C4516: 'NumberlikeArray<unsigned short>::NumberlikeArray<unsigned short>::getLength': access-declarations are deprecated; member using-declarations provide a better alternative
  bigunsigned.cpp
c:\users\sadat\mydrive\safety review\safetygwas-master\safety\isv_enclave\bigunsigned.h(23): warning C4516: 'NumberlikeArray<unsigned long>::NumberlikeArray<unsigned long>::N': access-declarations are deprecated; member using-declarations provide a better alternative
c:\users\sadat\mydrive\safety review\safetygwas-master\safety\isv_enclave\bigunsigned.h(87): warning C4516: 'NumberlikeArray<unsigned long>::NumberlikeArray<unsigned long>::getCapacity': access-declarations are deprecated; member using-declarations provide a better alternative
c:\users\sadat\mydrive\safety review\safetygwas-master\safety\isv_enclave\bigunsigned.h(88): warning C4516: 'NumberlikeArray<unsigned long>::NumberlikeArray<unsigned long>::getLength': access-declarations are deprecated; member using-declarations provide a better alternative
  bigunsignedbase.cpp
c:\users\sadat\mydrive\safety review\safetygwas-master\safety\isv_enclave\bigunsigned.h(23): warning C4516: 'NumberlikeArray<unsigned long>::NumberlikeArray<unsigned long>::N': access-declarations are deprecated; member using-declarations provide a better alternative
c:\users\sadat\mydrive\safety review\safetygwas-master\safety\isv_enclave\bigunsigned.h(87): warning C4516: 'NumberlikeArray<unsigned long>::NumberlikeArray<unsigned long>::getCapacity': access-declarations are deprecated; member using-declarations provide a better alternative
c:\users\sadat\mydrive\safety review\safetygwas-master\safety\isv_enclave\bigunsigned.h(88): warning C4516: 'NumberlikeArray<unsigned long>::NumberlikeArray<unsigned long>::getLength': access-declarations are deprecated; member using-declarations provide a better alternative
c:\users\sadat\mydrive\safety review\safetygwas-master\safety\isv_enclave\bigunsignedbase.h(103): warning C4516: 'NumberlikeArray<unsigned short>::NumberlikeArray<unsigned short>::getCapacity': access-declarations are deprecated; member using-declarations provide a better alternative
c:\users\sadat\mydrive\safety review\safetygwas-master\safety\isv_enclave\bigunsignedbase.h(104): warning C4516: 'NumberlikeArray<unsigned short>::NumberlikeArray<unsigned short>::getLength': access-declarations are deprecated; member using-declarations provide a better alternative
  isv_enclave.cpp
c:\users\sadat\mydrive\safety review\safetygwas-master\safety\isv_enclave\bigunsigned.h(23): warning C4516: 'NumberlikeArray<unsigned long>::NumberlikeArray<unsigned long>::N': access-declarations are deprecated; member using-declarations provide a better alternative
c:\users\sadat\mydrive\safety review\safetygwas-master\safety\isv_enclave\bigunsigned.h(87): warning C4516: 'NumberlikeArray<unsigned long>::NumberlikeArray<unsigned long>::getCapacity': access-declarations are deprecated; member using-declarations provide a better alternative
c:\users\sadat\mydrive\safety review\safetygwas-master\safety\isv_enclave\bigunsigned.h(88): warning C4516: 'NumberlikeArray<unsigned long>::NumberlikeArray<unsigned long>::getLength': access-declarations are deprecated; member using-declarations provide a better alternative
c:\users\sadat\mydrive\safety review\safetygwas-master\safety\isv_enclave\bigunsignedbase.h(103): warning C4516: 'NumberlikeArray<unsigned short>::NumberlikeArray<unsigned short>::getCapacity': access-declarations are deprecated; member using-declarations provide a better alternative
c:\users\sadat\mydrive\safety review\safetygwas-master\safety\isv_enclave\bigunsignedbase.h(104): warning C4516: 'NumberlikeArray<unsigned short>::NumberlikeArray<unsigned short>::getLength': access-declarations are deprecated; member using-declarations provide a better alternative
  Default key derivation function is used.
isv_enclave.cpp(476): warning C4267: 'initializing': conversion from 'size_t' to 'int', possible loss of data
isv_enclave.cpp(498): warning C4459: declaration of 'g' hides global declaration
  isv_enclave.cpp(104): note: see declaration of 'g'
isv_enclave.cpp(500): warning C4459: declaration of 'lambda' hides global declaration
  isv_enclave.cpp(104): note: see declaration of 'lambda'
isv_enclave.cpp(539): warning C4459: declaration of 'g' hides global declaration
  isv_enclave.cpp(104): note: see declaration of 'g'
isv_enclave.cpp(541): warning C4459: declaration of 'lambda' hides global declaration
  isv_enclave.cpp(104): note: see declaration of 'lambda'
isv_enclave.cpp(577): warning C4459: declaration of 'g' hides global declaration
  isv_enclave.cpp(104): note: see declaration of 'g'
isv_enclave.cpp(579): warning C4459: declaration of 'lambda' hides global declaration
  isv_enclave.cpp(104): note: see declaration of 'lambda'
isv_enclave.cpp(620): warning C4100: 'len_ldResult': unreferenced formal parameter
isv_enclave.cpp(620): warning C4100: 'len_ldmatrix': unreferenced formal parameter
isv_enclave.cpp(707): warning C4244: 'initializing': conversion from 'double' to 'float', possible loss of data
isv_enclave.cpp(708): warning C4244: 'initializing': conversion from 'double' to 'float', possible loss of data
isv_enclave.cpp(693): warning C4100: 'len_hweResult': unreferenced formal parameter
isv_enclave.cpp(693): warning C4100: 'len_hwematrix': unreferenced formal parameter
isv_enclave.cpp(728): warning C4100: 'len_cattResult': unreferenced formal parameter
isv_enclave.cpp(728): warning C4100: 'len_cattmatrix': unreferenced formal parameter
isv_enclave.cpp(1326): warning C4244: 'initializing': conversion from 'unsigned __int64' to 'int', possible loss of data
isv_enclave.cpp(1327): warning C4244: 'initializing': conversion from 'unsigned __int64' to 'int', possible loss of data
isv_enclave.cpp(1331): warning C4244: 'initializing': conversion from 'double' to 'float', possible loss of data
isv_enclave.cpp(1296): warning C4100: 'len_fetResult': unreferenced formal parameter
isv_enclave.cpp(1296): warning C4100: 'len_cattmatrix': unreferenced formal parameter
isv_enclave.cpp(1317): warning C4189: 'sum': local variable is initialized but not referenced
isv_enclave.cpp(1322): warning C4189: 'aa_sum': local variable is initialized but not referenced
isv_enclave.cpp(1326): warning C4189: 'denominator': local variable is initialized but not referenced
isv_enclave.cpp(1327): warning C4189: 'numerator': local variable is initialized but not referenced
isv_enclave.cpp(1320): warning C4189: 'AA_sum': local variable is initialized but not referenced
isv_enclave.cpp(1321): warning C4189: 'Aa_sum': local variable is initialized but not referenced
isv_enclave.cpp(1366): warning C4459: declaration of 'g' hides global declaration
  isv_enclave.cpp(104): note: see declaration of 'g'
isv_enclave.cpp(1367): warning C4459: declaration of 'lambda' hides global declaration
  isv_enclave.cpp(104): note: see declaration of 'lambda'
isv_enclave.cpp(1364): warning C4100: 'lenth_input': unreferenced formal parameter
isv_enclave.cpp(1443): warning C4459: declaration of 'g' hides global declaration
  isv_enclave.cpp(104): note: see declaration of 'g'
isv_enclave.cpp(1444): warning C4459: declaration of 'lambda' hides global declaration
  isv_enclave.cpp(104): note: see declaration of 'lambda'
isv_enclave.cpp(1488): warning C4244: 'argument': conversion from 'double' to 'const int', possible loss of data
isv_enclave.cpp(1441): warning C4100: 'lenth_input': unreferenced formal parameter
  Generating Code...
  isv_enclave_t.c
     Creating library C:\Users\sadat\MyDrive\SAFETY Review\SafetyGWAS-master\SAFETY\x64\Debug\isv_enclave.lib and object C:\Users\sadat\MyDrive\SAFETY Review\SafetyGWAS-master\SAFETY\x64\Debug\isv_enclave.exp
  isv_enclave.vcxproj -> C:\Users\sadat\MyDrive\SAFETY Review\SafetyGWAS-master\SAFETY\x64\Debug\isv_enclave.dll
  isv_enclave.vcxproj -> C:\Users\sadat\MyDrive\SAFETY Review\SafetyGWAS-master\SAFETY\x64\Debug\isv_enclave.pdb (Full PDB)
  The required memory is 0x235000.
  Succeed.
  <EnclaveConfiguration>
      <ProdID>0</ProdID>
      <ISVSVN>0</ISVSVN>
      <StackMaxSize>0x40000</StackMaxSize>
      <HeapMaxSize>0x100000</HeapMaxSize>
      <TCSNum>1</TCSNum>
      <TCSPolicy>1</TCSPolicy>
      <DisableDebug>0</DisableDebug>
      <MiscSelect>0</MiscSelect>
      <MiscMask>0xFFFFFFFF</MiscMask>
  </EnclaveConfiguration>
